Determining if the pthread_create exist failed with the following output:
Change Dir: /home/wangkaikai/project/webserver/cmake-build-debug/CMakeFiles/CMakeTmp

Run Build Command(s):/usr/bin/make cmTC_7b376/fast 
/usr/bin/make -f CMakeFiles/cmTC_7b376.dir/build.make CMakeFiles/cmTC_7b376.dir/build
make[1]: 进入目录“/home/wangkaikai/project/webserver/cmake-build-debug/CMakeFiles/CMakeTmp”
Building C object CMakeFiles/cmTC_7b376.dir/CheckSymbolExists.c.o
/usr/bin/cc    -o CMakeFiles/cmTC_7b376.dir/CheckSymbolExists.c.o   -c /home/wangkaikai/project/webserver/cmake-build-debug/CMakeFiles/CMakeTmp/CheckSymbolExists.c
Linking C executable cmTC_7b376
/home/wangkaikai/Downloads/clion-2019.1.3/bin/cmake/linux/bin/cmake -E cmake_link_script CMakeFiles/cmTC_7b376.dir/link.txt --verbose=1
/usr/bin/cc      CMakeFiles/cmTC_7b376.dir/CheckSymbolExists.c.o  -o cmTC_7b376 
CMakeFiles/cmTC_7b376.dir/CheckSymbolExists.c.o：在函数‘main’中：
CheckSymbolExists.c:(.text+0x1b)：对‘pthread_create’未定义的引用
collect2: error: ld returned 1 exit status
CMakeFiles/cmTC_7b376.dir/build.make:86: recipe for target 'cmTC_7b376' failed
make[1]: *** [cmTC_7b376] Error 1
make[1]: 离开目录“/home/wangkaikai/project/webserver/cmake-build-debug/CMakeFiles/CMakeTmp”
Makefile:121: recipe for target 'cmTC_7b376/fast' failed
make: *** [cmTC_7b376/fast] Error 2

File /home/wangkaikai/project/webserver/cmake-build-debug/CMakeFiles/CMakeTmp/CheckSymbolExists.c:
/* */
#include <pthread.h>

int main(int argc, char** argv)
{
  (void)argv;
#ifndef pthread_create
  return ((int*)(&pthread_create))[argc];
#else
  (void)argc;
  return 0;
#endif
}

Determining if the function pthread_create exists in the pthreads failed with the following output:
Change Dir: /home/wangkaikai/project/webserver/cmake-build-debug/CMakeFiles/CMakeTmp

Run Build Command(s):/usr/bin/make cmTC_71bd0/fast 
/usr/bin/make -f CMakeFiles/cmTC_71bd0.dir/build.make CMakeFiles/cmTC_71bd0.dir/build
make[1]: 进入目录“/home/wangkaikai/project/webserver/cmake-build-debug/CMakeFiles/CMakeTmp”
Building C object CMakeFiles/cmTC_71bd0.dir/CheckFunctionExists.c.o
/usr/bin/cc   -DCHECK_FUNCTION_EXISTS=pthread_create   -o CMakeFiles/cmTC_71bd0.dir/CheckFunctionExists.c.o   -c /home/wangkaikai/Downloads/clion-2019.1.3/bin/cmake/linux/share/cmake-3.14/Modules/CheckFunctionExists.c
Linking C executable cmTC_71bd0
/home/wangkaikai/Downloads/clion-2019.1.3/bin/cmake/linux/bin/cmake -E cmake_link_script CMakeFiles/cmTC_71bd0.dir/link.txt --verbose=1
/usr/bin/cc  -DCHECK_FUNCTION_EXISTS=pthread_create    CMakeFiles/cmTC_71bd0.dir/CheckFunctionExists.c.o  -o cmTC_71bd0 -lpthreads 
/usr/bin/ld: 找不到 -lpthreads
collect2: error: ld returned 1 exit status
CMakeFiles/cmTC_71bd0.dir/build.make:86: recipe for target 'cmTC_71bd0' failed
make[1]: *** [cmTC_71bd0] Error 1
make[1]: 离开目录“/home/wangkaikai/project/webserver/cmake-build-debug/CMakeFiles/CMakeTmp”
Makefile:121: recipe for target 'cmTC_71bd0/fast' failed
make: *** [cmTC_71bd0/fast] Error 2


